[debug] [2022-08-05T03:43:20.338Z] ----------------------------------------------------------------------
[debug] [2022-08-05T03:43:20.340Z] Command:       /usr/local/bin/node /usr/local/bin/firebase init
[debug] [2022-08-05T03:43:20.340Z] CLI Version:   11.4.0
[debug] [2022-08-05T03:43:20.340Z] Platform:      linux
[debug] [2022-08-05T03:43:20.340Z] Node Version:  v16.16.0
[debug] [2022-08-05T03:43:20.340Z] Time:          Fri Aug 05 2022 09:13:20 GMT+0530 (India Standard Time)
[debug] [2022-08-05T03:43:20.340Z] ----------------------------------------------------------------------
[debug] 
[debug] [2022-08-05T03:43:20.342Z] >>> [apiv2][query] GET https://firebase-public.firebaseio.com/cli.json [none]
[debug] [2022-08-05T03:43:20.388Z] Field ".database.rules" in "firebase.json" is possibly invalid: should be string
[debug] [2022-08-05T03:43:20.389Z] Field ".database" in "firebase.json" is possibly invalid: should be array
[debug] [2022-08-05T03:43:20.389Z] Field ".database" in "firebase.json" is possibly invalid: should match some schema in anyOf
[debug] [2022-08-05T03:43:20.392Z] > command requires scopes: ["email","openid","https://www.googleapis.com/auth/cloudplatformprojects.readonly","https://www.googleapis.com/auth/firebase","https://www.googleapis.com/auth/cloud-platform"]
[debug] [2022-08-05T03:43:20.392Z] > authorizing via signed-in user (gibinjgeo1@gmail.com)
[debug] [2022-08-05T03:43:20.392Z] Field ".database.rules" in "firebase.json" is possibly invalid: should be string
[debug] [2022-08-05T03:43:20.393Z] Field ".database" in "firebase.json" is possibly invalid: should be array
[debug] [2022-08-05T03:43:20.393Z] Field ".database" in "firebase.json" is possibly invalid: should match some schema in anyOf
[info] 
     ######## #### ########  ######## ########     ###     ######  ########
     ##        ##  ##     ## ##       ##     ##  ##   ##  ##       ##
     ######    ##  ########  ######   ########  #########  ######  ######
     ##        ##  ##    ##  ##       ##     ## ##     ##       ## ##
     ##       #### ##     ## ######## ########  ##     ##  ######  ########

You're about to initialize a Firebase project in this directory:

  /home/ammu/test

Before we get started, keep in mind:

  * You are initializing within an existing Firebase project directory

[debug] [2022-08-05T03:43:20.961Z] <<< [apiv2][status] GET https://firebase-public.firebaseio.com/cli.json 200
[debug] [2022-08-05T03:43:20.962Z] <<< [apiv2][body] GET https://firebase-public.firebaseio.com/cli.json {"cloudBuildErrorAfter":1594252800000,"cloudBuildWarnAfter":1590019200000,"defaultNode10After":1594252800000,"minVersion":"3.0.5","node8DeploysDisabledAfter":1613390400000,"node8RuntimeDisabledAfter":1615809600000,"node8WarnAfter":1600128000000}
[info] 
=== Project Setup
[info] 
[info] First, let's associate this project directory with a Firebase project.
[info] You can create multiple project aliases by running firebase use --add, 
[info] but for now we'll just set up a default project.
[info] 
[debug] [2022-08-05T03:43:53.997Z] Using project from CLI flag: test-1aa4f
[debug] [2022-08-05T03:43:53.998Z] > refreshing access token with scopes: []
[debug] [2022-08-05T03:43:53.999Z] >>> [apiv2][query] POST https://www.googleapis.com/oauth2/v3/token [none]
[debug] [2022-08-05T03:43:53.999Z] >>> [apiv2][body] POST https://www.googleapis.com/oauth2/v3/token [omitted]
[debug] [2022-08-05T03:43:54.151Z] <<< [apiv2][status] POST https://www.googleapis.com/oauth2/v3/token 200
[debug] [2022-08-05T03:43:54.151Z] <<< [apiv2][body] POST https://www.googleapis.com/oauth2/v3/token [omitted]
[debug] [2022-08-05T03:43:54.154Z] >>> [apiv2][query] GET https://firebase.googleapis.com/v1beta1/projects/test-1aa4f [none]
[debug] [2022-08-05T03:43:54.594Z] <<< [apiv2][status] GET https://firebase.googleapis.com/v1beta1/projects/test-1aa4f 200
[debug] [2022-08-05T03:43:54.594Z] <<< [apiv2][body] GET https://firebase.googleapis.com/v1beta1/projects/test-1aa4f {"projectId":"test-1aa4f","projectNumber":"1074081039703","displayName":"test","name":"projects/test-1aa4f","resources":{"hostingSite":"test-1aa4f","realtimeDatabaseInstance":"test-1aa4f-default-rtdb","storageBucket":"test-1aa4f.appspot.com","locationId":"asia-south1"},"state":"ACTIVE","etag":"1_b3d4ff12-7bb6-484c-852d-371e3f8a84ea"}
[info] i  Using project test-1aa4f (test) 
[info] 
=== Database Setup
[info] i  database: ensuring required API firebasedatabase.googleapis.com is enabled... 
[debug] [2022-08-05T03:43:54.597Z] >>> [apiv2][query] GET https://serviceusage.googleapis.com/v1/projects/test-1aa4f/services/firebasedatabase.googleapis.com [none]
[debug] [2022-08-05T03:43:56.405Z] <<< [apiv2][status] GET https://serviceusage.googleapis.com/v1/projects/test-1aa4f/services/firebasedatabase.googleapis.com 200
[debug] [2022-08-05T03:43:56.405Z] <<< [apiv2][body] GET https://serviceusage.googleapis.com/v1/projects/test-1aa4f/services/firebasedatabase.googleapis.com [omitted]
[info] ✔  database: required API firebasedatabase.googleapis.com is enabled 
[info] 
[debug] [2022-08-05T03:43:56.406Z] >>> [apiv2][query] GET https://firebasedatabase.googleapis.com/v1beta/projects/test-1aa4f/locations/-/instances/test-1aa4f-default-rtdb [none]
[debug] [2022-08-05T03:43:57.190Z] <<< [apiv2][status] GET https://firebasedatabase.googleapis.com/v1beta/projects/test-1aa4f/locations/-/instances/test-1aa4f-default-rtdb 200
[debug] [2022-08-05T03:43:57.191Z] <<< [apiv2][body] GET https://firebasedatabase.googleapis.com/v1beta/projects/test-1aa4f/locations/-/instances/test-1aa4f-default-rtdb {"name":"projects/1074081039703/locations/asia-southeast1/instances/test-1aa4f-default-rtdb","project":"projects/1074081039703","databaseUrl":"https://test-1aa4f-default-rtdb.asia-southeast1.firebasedatabase.app","type":"DEFAULT_DATABASE","state":"ACTIVE"}
[info] 
[info] Firebase Realtime Database Security Rules allow you to define how your data should be
[info] structured and when your data can be read from and written to.
[info] 
[debug] [2022-08-05T03:43:57.193Z] >>> [apiv2][query] GET https://test-1aa4f-default-rtdb.asia-southeast1.firebasedatabase.app/.settings/rules.json [none]
[debug] [2022-08-05T03:43:57.394Z] <<< [apiv2][status] GET https://test-1aa4f-default-rtdb.asia-southeast1.firebasedatabase.app/.settings/rules.json 200
[debug] [2022-08-05T03:43:57.394Z] <<< [apiv2][body] GET https://test-1aa4f-default-rtdb.asia-southeast1.firebasedatabase.app/.settings/rules.json [stream]
[debug] [2022-08-05T03:43:57.396Z] TypeError [ERR_INVALID_ARG_TYPE]: The "path" argument must be of type string. Received an instance of Object
    at new NodeError (node:internal/errors:372:5)
    at validateString (node:internal/validators:120:11)
    at Object.join (node:path:1172:7)
    at Config.path (/usr/local/lib/node_modules/firebase-tools/lib/config.js:123:45)
    at Config.writeProjectFile (/usr/local/lib/node_modules/firebase-tools/lib/config.js:152:32)
    at writeDBRules (/usr/local/lib/node_modules/firebase-tools/lib/init/features/database.js:33:12)
    at doSetup (/usr/local/lib/node_modules/firebase-tools/lib/init/features/database.js:123:13)
    at processTicksAndRejections (node:internal/process/task_queues:96:5)
    at async init (/usr/local/lib/node_modules/firebase-tools/lib/init/index.js:36:9)
[error] 
[error] Error: An unexpected error has occurred.
[debug] [2022-08-05T03:44:51.041Z] ----------------------------------------------------------------------
[debug] [2022-08-05T03:44:51.042Z] Command:       /usr/local/bin/node /usr/local/bin/firebase init
[debug] [2022-08-05T03:44:51.042Z] CLI Version:   11.4.0
[debug] [2022-08-05T03:44:51.042Z] Platform:      linux
[debug] [2022-08-05T03:44:51.042Z] Node Version:  v16.16.0
[debug] [2022-08-05T03:44:51.043Z] Time:          Fri Aug 05 2022 09:14:51 GMT+0530 (India Standard Time)
[debug] [2022-08-05T03:44:51.043Z] ----------------------------------------------------------------------
[debug] 
[debug] [2022-08-05T03:44:51.080Z] Field ".database.rules" in "firebase.json" is possibly invalid: should be string
[debug] [2022-08-05T03:44:51.080Z] Field ".database" in "firebase.json" is possibly invalid: should be array
[debug] [2022-08-05T03:44:51.080Z] Field ".database" in "firebase.json" is possibly invalid: should match some schema in anyOf
[debug] [2022-08-05T03:44:51.083Z] > command requires scopes: ["email","openid","https://www.googleapis.com/auth/cloudplatformprojects.readonly","https://www.googleapis.com/auth/firebase","https://www.googleapis.com/auth/cloud-platform"]
[debug] [2022-08-05T03:44:51.083Z] > authorizing via signed-in user (gibinjgeo1@gmail.com)
[debug] [2022-08-05T03:44:51.083Z] Field ".database.rules" in "firebase.json" is possibly invalid: should be string
[debug] [2022-08-05T03:44:51.083Z] Field ".database" in "firebase.json" is possibly invalid: should be array
[debug] [2022-08-05T03:44:51.083Z] Field ".database" in "firebase.json" is possibly invalid: should match some schema in anyOf
[info] 
     ######## #### ########  ######## ########     ###     ######  ########
     ##        ##  ##     ## ##       ##     ##  ##   ##  ##       ##
     ######    ##  ########  ######   ########  #########  ######  ######
     ##        ##  ##    ##  ##       ##     ## ##     ##       ## ##
     ##       #### ##     ## ######## ########  ##     ##  ######  ########

You're about to initialize a Firebase project in this directory:

  /home/ammu/test

Before we get started, keep in mind:

  * You are initializing within an existing Firebase project directory

[info] 
=== Project Setup
[info] 
[info] First, let's associate this project directory with a Firebase project.
[info] You can create multiple project aliases by running firebase use --add, 
[info] but for now we'll just set up a default project.
[info] 
[debug] [2022-08-05T03:45:06.947Z] Using project from CLI flag: test-1aa4f
[debug] [2022-08-05T03:45:06.949Z] >>> [apiv2][query] GET https://firebase.googleapis.com/v1beta1/projects/test-1aa4f [none]
[debug] [2022-08-05T03:45:07.482Z] <<< [apiv2][status] GET https://firebase.googleapis.com/v1beta1/projects/test-1aa4f 200
[debug] [2022-08-05T03:45:07.482Z] <<< [apiv2][body] GET https://firebase.googleapis.com/v1beta1/projects/test-1aa4f {"projectId":"test-1aa4f","projectNumber":"1074081039703","displayName":"test","name":"projects/test-1aa4f","resources":{"hostingSite":"test-1aa4f","realtimeDatabaseInstance":"test-1aa4f-default-rtdb","storageBucket":"test-1aa4f.appspot.com","locationId":"asia-south1"},"state":"ACTIVE","etag":"1_b3d4ff12-7bb6-484c-852d-371e3f8a84ea"}
[info] i  Using project test-1aa4f (test) 
[info] 
=== Database Setup
[info] i  database: ensuring required API firebasedatabase.googleapis.com is enabled... 
[debug] [2022-08-05T03:45:07.485Z] >>> [apiv2][query] GET https://serviceusage.googleapis.com/v1/projects/test-1aa4f/services/firebasedatabase.googleapis.com [none]
[debug] [2022-08-05T03:45:09.140Z] <<< [apiv2][status] GET https://serviceusage.googleapis.com/v1/projects/test-1aa4f/services/firebasedatabase.googleapis.com 200
[debug] [2022-08-05T03:45:09.140Z] <<< [apiv2][body] GET https://serviceusage.googleapis.com/v1/projects/test-1aa4f/services/firebasedatabase.googleapis.com [omitted]
[info] ✔  database: required API firebasedatabase.googleapis.com is enabled 
[info] 
[debug] [2022-08-05T03:45:09.141Z] >>> [apiv2][query] GET https://firebasedatabase.googleapis.com/v1beta/projects/test-1aa4f/locations/-/instances/test-1aa4f-default-rtdb [none]
[debug] [2022-08-05T03:45:09.770Z] <<< [apiv2][status] GET https://firebasedatabase.googleapis.com/v1beta/projects/test-1aa4f/locations/-/instances/test-1aa4f-default-rtdb 200
[debug] [2022-08-05T03:45:09.770Z] <<< [apiv2][body] GET https://firebasedatabase.googleapis.com/v1beta/projects/test-1aa4f/locations/-/instances/test-1aa4f-default-rtdb {"name":"projects/1074081039703/locations/asia-southeast1/instances/test-1aa4f-default-rtdb","project":"projects/1074081039703","databaseUrl":"https://test-1aa4f-default-rtdb.asia-southeast1.firebasedatabase.app","type":"DEFAULT_DATABASE","state":"ACTIVE"}
[info] 
[info] Firebase Realtime Database Security Rules allow you to define how your data should be
[info] structured and when your data can be read from and written to.
[info] 
[debug] [2022-08-05T03:45:09.773Z] >>> [apiv2][query] GET https://test-1aa4f-default-rtdb.asia-southeast1.firebasedatabase.app/.settings/rules.json [none]
[debug] [2022-08-05T03:45:09.930Z] <<< [apiv2][status] GET https://test-1aa4f-default-rtdb.asia-southeast1.firebasedatabase.app/.settings/rules.json 200
[debug] [2022-08-05T03:45:09.931Z] <<< [apiv2][body] GET https://test-1aa4f-default-rtdb.asia-southeast1.firebasedatabase.app/.settings/rules.json [stream]
[debug] [2022-08-05T03:45:09.932Z] TypeError [ERR_INVALID_ARG_TYPE]: The "path" argument must be of type string. Received an instance of Object
    at new NodeError (node:internal/errors:372:5)
    at validateString (node:internal/validators:120:11)
    at Object.join (node:path:1172:7)
    at Config.path (/usr/local/lib/node_modules/firebase-tools/lib/config.js:123:45)
    at Config.writeProjectFile (/usr/local/lib/node_modules/firebase-tools/lib/config.js:152:32)
    at writeDBRules (/usr/local/lib/node_modules/firebase-tools/lib/init/features/database.js:33:12)
    at doSetup (/usr/local/lib/node_modules/firebase-tools/lib/init/features/database.js:123:13)
    at processTicksAndRejections (node:internal/process/task_queues:96:5)
    at async init (/usr/local/lib/node_modules/firebase-tools/lib/init/index.js:36:9)
[error] 
[error] Error: An unexpected error has occurred.
